cutvalue=0
      mincut=0,1,3,4,5,7,8,9,10,11,12,13,14,15,16,17,18,20,21,24,25,26,27,28,29,30,31,32,33,36,37,38,39,40,41,43,44,45,46,47,48,49,50,   size=43
      soma = 43
--- USER CUT:relax=416.5	 bounds=416.5<->486	 n_rest=1	 Ucuts=1
cutvalue=1
      mincut=0,1,4,8,10,15,21,31,37,48,49,   size=11
      soma = 10.5
--- USER CUT:relax=418.5	 bounds=418.5<->486	 n_rest=1	 Ucuts=2
cutvalue=1
      mincut=0,1,2,3,4,5,6,7,8,9,10,11,13,14,15,16,17,19,20,21,22,23,25,26,27,28,29,30,31,32,33,34,35,36,37,38,42,43,44,45,46,47,48,49,50,   size=45
      soma = 44.5
--- USER CUT:relax=421.167	 bounds=421.167<->486	 n_rest=1	 Ucuts=3
cutvalue=1
      mincut=0,1,2,3,4,5,7,8,9,10,11,12,13,14,15,16,17,18,19,20,21,24,25,26,27,28,29,30,31,32,33,34,35,36,37,38,39,40,41,43,44,45,46,47,48,49,50,   size=47
      soma = 46.5
--- USER CUT:relax=422	 bounds=422<->486	 n_rest=1	 Ucuts=4
cutvalue=0
      mincut=0,1,3,4,5,6,7,8,9,10,11,12,13,14,15,16,17,18,20,21,22,23,24,25,26,27,28,29,30,31,32,33,36,37,38,39,40,41,42,43,44,45,46,47,48,49,50,   size=47
      soma = 47
--- USER CUT:relax=422	 bounds=422<->486	 n_rest=1	 Ucuts=5
cutvalue=2
cutvalue=2
cutvalue=2
cutvalue=2
----- ACABOU ----
SOLVED?: 1
TEMPO  : 0.134227
LB     : 426
UB     : 426
NOS    : 0
arestas da solucao otima:
(0, 21) , (0, 31) , (1, 19) , (1, 28) , (2, 27) , (2, 35) , (3, 16) , (3, 17) , (4, 36) , (4, 37) , (5, 26) , (5, 47) , (6, 22) , (6, 42) , (7, 21) , (7, 25) , (8, 29) , (8, 48) , (9, 38) , (9, 48) , (10, 31) , (10, 37) , (11, 45) , (11, 46) , (12, 24) , (12, 40) , (13, 23) , (13, 24) , (14, 43) , (14, 44) , (15, 20) , (15, 49) , (16, 36) , (17, 46) , (18, 39) , (18, 41) , (19, 34) , (20, 28) , (22, 47) , (23, 42) , (25, 30) , (26, 50) , (27, 30) , (29, 33) , (32, 38) , (32, 44) , (33, 49) , (34, 35) , (39, 40) , (41, 43) , (45, 50) , 
